d:\loginexampleserver\loginexampleserver\debug\loginexampleserver.pch
d:\loginexampleserver\loginexampleserver\debug\vc141.pdb
d:\loginexampleserver\loginexampleserver\debug\vc141.idb
d:\loginexampleserver\loginexampleserver\debug\stdafx.obj
d:\loginexampleserver\loginexampleserver\debug\loginexampleserver.obj
d:\loginexampleserver\loginexampleserver\debug\commanddispatcher.obj
d:\loginexampleserver\loginexampleserver\debug\dboperator.obj
d:\loginexampleserver\loginexampleserver\debug\userinfo.obj
d:\loginexampleserver\loginexampleserver\debug\userinfomanager.obj
d:\loginexampleserver\debug\loginexampleserver.exe
d:\loginexampleserver\debug\loginexampleserver.ilk
d:\loginexampleserver\debug\loginexampleserver.pdb
d:\loginexampleserver\loginexampleserver\debug\msado15.tli
d:\loginexampleserver\loginexampleserver\debug\msado15.tlh
d:\loginexampleserver\loginexampleserver\debug\loginexa.bba4a85d.tlog\cl.command.1.tlog
d:\loginexampleserver\loginexampleserver\debug\loginexa.bba4a85d.tlog\cl.read.1.tlog
d:\loginexampleserver\loginexampleserver\debug\loginexa.bba4a85d.tlog\cl.write.1.tlog
d:\loginexampleserver\loginexampleserver\debug\loginexa.bba4a85d.tlog\link.command.1.tlog
d:\loginexampleserver\loginexampleserver\debug\loginexa.bba4a85d.tlog\link.read.1.tlog
d:\loginexampleserver\loginexampleserver\debug\loginexa.bba4a85d.tlog\link.write.1.tlog
